2017-12-18 16:16:22,682 p=8865 u=administrator |   [WARNING]: While constructing a mapping from /home/administrator/OPX_ansible_demo/roles/frr/tasks/main.yml, line 2, column 3, found a
duplicate dict key (apt). Using last defined value only.

2017-12-18 16:16:22,884 p=8865 u=administrator |  PLAY [datacenter] ******************************************************************************************************************************
2017-12-18 16:16:22,907 p=8865 u=administrator |  TASK [frr : install FRR] ***********************************************************************************************************************
2017-12-18 16:16:28,645 p=8865 u=administrator |  fatal: [leaf2]: FAILED! => {"changed": false, "failed": true, "msg": "Failed to lock apt for exclusive operation"}
2017-12-18 16:16:28,648 p=8865 u=administrator |  	to retry, use: --limit @/home/administrator/OPX_ansible_demo/spine-leaf.retry

2017-12-18 16:16:28,648 p=8865 u=administrator |  PLAY RECAP *************************************************************************************************************************************
2017-12-18 16:16:28,649 p=8865 u=administrator |  leaf2                      : ok=0    changed=0    unreachable=0    failed=1   
2017-12-18 16:17:33,659 p=8907 u=administrator |   [WARNING]: While constructing a mapping from /home/administrator/OPX_ansible_demo/roles/frr/tasks/main.yml, line 2, column 3, found a
duplicate dict key (apt). Using last defined value only.

2017-12-18 16:17:33,855 p=8907 u=administrator |  PLAY [datacenter] ******************************************************************************************************************************
2017-12-18 16:17:33,876 p=8907 u=administrator |  TASK [frr : install FRR] ***********************************************************************************************************************
2017-12-18 16:17:39,602 p=8907 u=administrator |  fatal: [leaf2]: FAILED! => {"changed": false, "failed": true, "msg": "Failed to lock apt for exclusive operation"}
2017-12-18 16:17:39,612 p=8907 u=administrator |  	to retry, use: --limit @/home/administrator/OPX_ansible_demo/spine-leaf.retry

2017-12-18 16:17:39,613 p=8907 u=administrator |  PLAY RECAP *************************************************************************************************************************************
2017-12-18 16:17:39,613 p=8907 u=administrator |  leaf2                      : ok=0    changed=0    unreachable=0    failed=1   
2017-12-18 16:18:18,531 p=8932 u=administrator |  PLAY [datacenter] ******************************************************************************************************************************
2017-12-18 16:18:18,552 p=8932 u=administrator |  TASK [frr : install FRR] ***********************************************************************************************************************
2017-12-18 16:18:23,167 p=8932 u=administrator |  fatal: [leaf2]: FAILED! => {"changed": false, "failed": true, "msg": "'apt-get remove 'quagga'' failed: E: Could not open lock file /var/lib/dpkg/lock - open (13: Permission denied)\nE: Unable to lock the administration directory (/var/lib/dpkg/), are you root?\n", "rc": 100, "stderr": "E: Could not open lock file /var/lib/dpkg/lock - open (13: Permission denied)\nE: Unable to lock the administration directory (/var/lib/dpkg/), are you root?\n", "stderr_lines": ["E: Could not open lock file /var/lib/dpkg/lock - open (13: Permission denied)", "E: Unable to lock the administration directory (/var/lib/dpkg/), are you root?"], "stdout": "", "stdout_lines": []}
2017-12-18 16:18:23,177 p=8932 u=administrator |  	to retry, use: --limit @/home/administrator/OPX_ansible_demo/spine-leaf.retry

2017-12-18 16:18:23,178 p=8932 u=administrator |  PLAY RECAP *************************************************************************************************************************************
2017-12-18 16:18:23,178 p=8932 u=administrator |  leaf2                      : ok=0    changed=0    unreachable=0    failed=1   
2017-12-18 16:19:50,824 p=8954 u=administrator |  PLAY [datacenter] ******************************************************************************************************************************
2017-12-18 16:19:50,845 p=8954 u=administrator |  TASK [frr : install FRR] ***********************************************************************************************************************
2017-12-18 16:19:51,388 p=8954 u=administrator |  fatal: [leaf2]: FAILED! => {"changed": false, "cmd": "apt-get update", "failed": true, "msg": "W: chmod 0700 of directory /var/lib/apt/lists/partial failed - SetupAPTPartialDirectory (1: Operation not permitted)\nE: Could not open lock file /var/lib/apt/lists/lock - open (13: Permission denied)\nE: Unable to lock directory /var/lib/apt/lists/\nW: Problem unlinking the file /var/cache/apt/pkgcache.bin - RemoveCaches (13: Permission denied)\nW: Problem unlinking the file /var/cache/apt/srcpkgcache.bin - RemoveCaches (13: Permission denied)", "rc": 100, "stderr": "W: chmod 0700 of directory /var/lib/apt/lists/partial failed - SetupAPTPartialDirectory (1: Operation not permitted)\nE: Could not open lock file /var/lib/apt/lists/lock - open (13: Permission denied)\nE: Unable to lock directory /var/lib/apt/lists/\nW: Problem unlinking the file /var/cache/apt/pkgcache.bin - RemoveCaches (13: Permission denied)\nW: Problem unlinking the file /var/cache/apt/srcpkgcache.bin - RemoveCaches (13: Permission denied)\n", "stderr_lines": ["W: chmod 0700 of directory /var/lib/apt/lists/partial failed - SetupAPTPartialDirectory (1: Operation not permitted)", "E: Could not open lock file /var/lib/apt/lists/lock - open (13: Permission denied)", "E: Unable to lock directory /var/lib/apt/lists/", "W: Problem unlinking the file /var/cache/apt/pkgcache.bin - RemoveCaches (13: Permission denied)", "W: Problem unlinking the file /var/cache/apt/srcpkgcache.bin - RemoveCaches (13: Permission denied)"], "stdout": "Reading package lists...\n", "stdout_lines": ["Reading package lists..."]}
2017-12-18 16:19:51,390 p=8954 u=administrator |  	to retry, use: --limit @/home/administrator/OPX_ansible_demo/spine-leaf.retry

2017-12-18 16:19:51,390 p=8954 u=administrator |  PLAY RECAP *************************************************************************************************************************************
2017-12-18 16:19:51,391 p=8954 u=administrator |  leaf2                      : ok=0    changed=0    unreachable=0    failed=1   
2017-12-18 16:20:54,358 p=8987 u=administrator |  [DEPRECATION WARNING]: The sudo command line option has been deprecated in favor of the "become" command line arguments. This feature will be 
removed in version 2.6. Deprecation warnings can be disabled by setting deprecation_warnings=False in ansible.cfg.
2017-12-18 16:21:02,921 p=8987 u=administrator |  PLAY [datacenter] ******************************************************************************************************************************
2017-12-18 16:21:02,942 p=8987 u=administrator |  TASK [frr : install FRR] ***********************************************************************************************************************
2017-12-18 16:21:03,454 p=8987 u=administrator |  fatal: [leaf2]: FAILED! => {"changed": false, "cmd": "apt-get update", "failed": true, "msg": "W: chmod 0700 of directory /var/lib/apt/lists/partial failed - SetupAPTPartialDirectory (1: Operation not permitted)\nE: Could not open lock file /var/lib/apt/lists/lock - open (13: Permission denied)\nE: Unable to lock directory /var/lib/apt/lists/\nW: Problem unlinking the file /var/cache/apt/pkgcache.bin - RemoveCaches (13: Permission denied)\nW: Problem unlinking the file /var/cache/apt/srcpkgcache.bin - RemoveCaches (13: Permission denied)", "rc": 100, "stderr": "W: chmod 0700 of directory /var/lib/apt/lists/partial failed - SetupAPTPartialDirectory (1: Operation not permitted)\nE: Could not open lock file /var/lib/apt/lists/lock - open (13: Permission denied)\nE: Unable to lock directory /var/lib/apt/lists/\nW: Problem unlinking the file /var/cache/apt/pkgcache.bin - RemoveCaches (13: Permission denied)\nW: Problem unlinking the file /var/cache/apt/srcpkgcache.bin - RemoveCaches (13: Permission denied)\n", "stderr_lines": ["W: chmod 0700 of directory /var/lib/apt/lists/partial failed - SetupAPTPartialDirectory (1: Operation not permitted)", "E: Could not open lock file /var/lib/apt/lists/lock - open (13: Permission denied)", "E: Unable to lock directory /var/lib/apt/lists/", "W: Problem unlinking the file /var/cache/apt/pkgcache.bin - RemoveCaches (13: Permission denied)", "W: Problem unlinking the file /var/cache/apt/srcpkgcache.bin - RemoveCaches (13: Permission denied)"], "stdout": "Reading package lists...\n", "stdout_lines": ["Reading package lists..."]}
2017-12-18 16:21:03,456 p=8987 u=administrator |  	to retry, use: --limit @/home/administrator/OPX_ansible_demo/spine-leaf.retry

2017-12-18 16:21:03,457 p=8987 u=administrator |  PLAY RECAP *************************************************************************************************************************************
2017-12-18 16:21:03,457 p=8987 u=administrator |  leaf2                      : ok=0    changed=0    unreachable=0    failed=1   
2017-12-18 16:21:40,500 p=9020 u=administrator |  [DEPRECATION WARNING]: The sudo command line option has been deprecated in favor of the "become" command line arguments. This feature will be 
removed in version 2.6. Deprecation warnings can be disabled by setting deprecation_warnings=False in ansible.cfg.
2017-12-18 16:21:44,674 p=9020 u=administrator |  PLAY [datacenter] ******************************************************************************************************************************
2017-12-18 16:21:44,696 p=9020 u=administrator |  TASK [frr : install FRR] ***********************************************************************************************************************
2017-12-18 16:21:45,239 p=9020 u=administrator |  fatal: [leaf2]: FAILED! => {"changed": false, "cmd": "apt-get update", "failed": true, "msg": "W: chmod 0700 of directory /var/lib/apt/lists/partial failed - SetupAPTPartialDirectory (1: Operation not permitted)\nE: Could not open lock file /var/lib/apt/lists/lock - open (13: Permission denied)\nE: Unable to lock directory /var/lib/apt/lists/\nW: Problem unlinking the file /var/cache/apt/pkgcache.bin - RemoveCaches (13: Permission denied)\nW: Problem unlinking the file /var/cache/apt/srcpkgcache.bin - RemoveCaches (13: Permission denied)", "rc": 100, "stderr": "W: chmod 0700 of directory /var/lib/apt/lists/partial failed - SetupAPTPartialDirectory (1: Operation not permitted)\nE: Could not open lock file /var/lib/apt/lists/lock - open (13: Permission denied)\nE: Unable to lock directory /var/lib/apt/lists/\nW: Problem unlinking the file /var/cache/apt/pkgcache.bin - RemoveCaches (13: Permission denied)\nW: Problem unlinking the file /var/cache/apt/srcpkgcache.bin - RemoveCaches (13: Permission denied)\n", "stderr_lines": ["W: chmod 0700 of directory /var/lib/apt/lists/partial failed - SetupAPTPartialDirectory (1: Operation not permitted)", "E: Could not open lock file /var/lib/apt/lists/lock - open (13: Permission denied)", "E: Unable to lock directory /var/lib/apt/lists/", "W: Problem unlinking the file /var/cache/apt/pkgcache.bin - RemoveCaches (13: Permission denied)", "W: Problem unlinking the file /var/cache/apt/srcpkgcache.bin - RemoveCaches (13: Permission denied)"], "stdout": "Reading package lists...\n", "stdout_lines": ["Reading package lists..."]}
2017-12-18 16:21:45,242 p=9020 u=administrator |  	to retry, use: --limit @/home/administrator/OPX_ansible_demo/spine-leaf.retry

2017-12-18 16:21:45,243 p=9020 u=administrator |  PLAY RECAP *************************************************************************************************************************************
2017-12-18 16:21:45,243 p=9020 u=administrator |  leaf2                      : ok=0    changed=0    unreachable=0    failed=1   
2017-12-18 16:22:18,958 p=9053 u=administrator |  [DEPRECATION WARNING]: The sudo command line option has been deprecated in favor of the "become" command line arguments. This feature will be 
removed in version 2.6. Deprecation warnings can be disabled by setting deprecation_warnings=False in ansible.cfg.
2017-12-18 16:22:21,619 p=9053 u=administrator |  PLAY [datacenter] ******************************************************************************************************************************
2017-12-18 16:22:21,641 p=9053 u=administrator |  TASK [frr : install FRR] ***********************************************************************************************************************
2017-12-18 16:22:27,405 p=9053 u=administrator |  fatal: [leaf2]: FAILED! => {"changed": false, "failed": true, "msg": "Failed to lock apt for exclusive operation"}
2017-12-18 16:22:27,408 p=9053 u=administrator |  	to retry, use: --limit @/home/administrator/OPX_ansible_demo/spine-leaf.retry

2017-12-18 16:22:27,408 p=9053 u=administrator |  PLAY RECAP *************************************************************************************************************************************
2017-12-18 16:22:27,409 p=9053 u=administrator |  leaf2                      : ok=0    changed=0    unreachable=0    failed=1   
2017-12-18 16:22:55,998 p=9078 u=administrator |  [DEPRECATION WARNING]: The sudo command line option has been deprecated in favor of the "become" command line arguments. This feature will be 
removed in version 2.6. Deprecation warnings can be disabled by setting deprecation_warnings=False in ansible.cfg.
2017-12-18 16:22:58,467 p=9078 u=administrator |  ERROR! no action detected in task. This often indicates a misspelled module name, or incorrect module path.

The error appears to have been in '/home/administrator/OPX_ansible_demo/roles/frr/tasks/main.yml': line 2, column 3, but may
be elsewhere in the file depending on the exact syntax problem.

The offending line appears to be:

---
- name: install FRR
  ^ here


The error appears to have been in '/home/administrator/OPX_ansible_demo/roles/frr/tasks/main.yml': line 2, column 3, but may
be elsewhere in the file depending on the exact syntax problem.

The offending line appears to be:

---
- name: install FRR
  ^ here

exception type: <class 'ansible.errors.AnsibleParserError'>
exception: no action detected in task. This often indicates a misspelled module name, or incorrect module path.

The error appears to have been in '/home/administrator/OPX_ansible_demo/roles/frr/tasks/main.yml': line 2, column 3, but may
be elsewhere in the file depending on the exact syntax problem.

The offending line appears to be:

---
- name: install FRR
  ^ here

2017-12-18 16:23:34,655 p=9084 u=administrator |  [DEPRECATION WARNING]: The sudo command line option has been deprecated in favor of the "become" command line arguments. This feature will be 
removed in version 2.6. Deprecation warnings can be disabled by setting deprecation_warnings=False in ansible.cfg.
2017-12-18 16:23:36,728 p=9084 u=administrator |  PLAY [datacenter] ******************************************************************************************************************************
2017-12-18 16:23:36,811 p=9084 u=administrator |  PLAY RECAP *************************************************************************************************************************************
2017-12-18 16:23:59,308 p=9092 u=administrator |  [DEPRECATION WARNING]: The sudo command line option has been deprecated in favor of the "become" command line arguments. This feature will be 
removed in version 2.6. Deprecation warnings can be disabled by setting deprecation_warnings=False in ansible.cfg.
2017-12-18 16:24:02,611 p=9092 u=administrator |  PLAY [datacenter] ******************************************************************************************************************************
2017-12-18 16:24:02,633 p=9092 u=administrator |  TASK [frr : install FRR] ***********************************************************************************************************************
2017-12-18 16:24:08,396 p=9092 u=administrator |  fatal: [leaf2]: FAILED! => {"changed": false, "failed": true, "msg": "'apt-get remove 'quagga'' failed: E: Could not open lock file /var/lib/dpkg/lock - open (13: Permission denied)\nE: Unable to lock the administration directory (/var/lib/dpkg/), are you root?\n", "rc": 100, "stderr": "E: Could not open lock file /var/lib/dpkg/lock - open (13: Permission denied)\nE: Unable to lock the administration directory (/var/lib/dpkg/), are you root?\n", "stderr_lines": ["E: Could not open lock file /var/lib/dpkg/lock - open (13: Permission denied)", "E: Unable to lock the administration directory (/var/lib/dpkg/), are you root?"], "stdout": "", "stdout_lines": []}
2017-12-18 16:24:08,399 p=9092 u=administrator |  	to retry, use: --limit @/home/administrator/OPX_ansible_demo/spine-leaf.retry

2017-12-18 16:24:08,399 p=9092 u=administrator |  PLAY RECAP *************************************************************************************************************************************
2017-12-18 16:24:08,400 p=9092 u=administrator |  leaf2                      : ok=0    changed=0    unreachable=0    failed=1   
2017-12-18 16:26:02,560 p=9117 u=administrator |  PLAY [datacenter] ******************************************************************************************************************************
2017-12-18 16:26:02,581 p=9117 u=administrator |  TASK [frr : install FRR] ***********************************************************************************************************************
2017-12-18 16:26:08,351 p=9117 u=administrator |  fatal: [leaf2]: FAILED! => {"changed": false, "failed": true, "msg": "'apt-get remove 'quagga'' failed: E: Could not open lock file /var/lib/dpkg/lock - open (13: Permission denied)\nE: Unable to lock the administration directory (/var/lib/dpkg/), are you root?\n", "rc": 100, "stderr": "E: Could not open lock file /var/lib/dpkg/lock - open (13: Permission denied)\nE: Unable to lock the administration directory (/var/lib/dpkg/), are you root?\n", "stderr_lines": ["E: Could not open lock file /var/lib/dpkg/lock - open (13: Permission denied)", "E: Unable to lock the administration directory (/var/lib/dpkg/), are you root?"], "stdout": "", "stdout_lines": []}
2017-12-18 16:26:08,354 p=9117 u=administrator |  	to retry, use: --limit @/home/administrator/OPX_ansible_demo/spine-leaf.retry

2017-12-18 16:26:08,354 p=9117 u=administrator |  PLAY RECAP *************************************************************************************************************************************
2017-12-18 16:26:08,355 p=9117 u=administrator |  leaf2                      : ok=0    changed=0    unreachable=0    failed=1   
2017-12-18 16:27:15,960 p=9143 u=administrator |  PLAY [datacenter] ******************************************************************************************************************************
2017-12-18 16:27:15,982 p=9143 u=administrator |  TASK [frr : install FRR] ***********************************************************************************************************************
2017-12-18 16:27:21,768 p=9143 u=administrator |  fatal: [leaf2]: FAILED! => {"changed": false, "failed": true, "msg": "'apt-get remove 'quagga'' failed: E: Could not open lock file /var/lib/dpkg/lock - open (13: Permission denied)\nE: Unable to lock the administration directory (/var/lib/dpkg/), are you root?\n", "rc": 100, "stderr": "E: Could not open lock file /var/lib/dpkg/lock - open (13: Permission denied)\nE: Unable to lock the administration directory (/var/lib/dpkg/), are you root?\n", "stderr_lines": ["E: Could not open lock file /var/lib/dpkg/lock - open (13: Permission denied)", "E: Unable to lock the administration directory (/var/lib/dpkg/), are you root?"], "stdout": "", "stdout_lines": []}
2017-12-18 16:27:21,771 p=9143 u=administrator |  	to retry, use: --limit @/home/administrator/OPX_ansible_demo/spine-leaf.retry

2017-12-18 16:27:21,771 p=9143 u=administrator |  PLAY RECAP *************************************************************************************************************************************
2017-12-18 16:27:21,771 p=9143 u=administrator |  leaf2                      : ok=0    changed=0    unreachable=0    failed=1   
2017-12-18 16:27:35,914 p=9168 u=administrator |  PLAY [datacenter] ******************************************************************************************************************************
2017-12-18 16:27:35,935 p=9168 u=administrator |  TASK [frr : install FRR] ***********************************************************************************************************************
2017-12-18 16:27:36,479 p=9168 u=administrator |  fatal: [leaf2]: FAILED! => {"changed": false, "cmd": "apt-get update", "failed": true, "msg": "W: chmod 0700 of directory /var/lib/apt/lists/partial failed - SetupAPTPartialDirectory (1: Operation not permitted)\nE: Could not open lock file /var/lib/apt/lists/lock - open (13: Permission denied)\nE: Unable to lock directory /var/lib/apt/lists/\nW: Problem unlinking the file /var/cache/apt/pkgcache.bin - RemoveCaches (13: Permission denied)\nW: Problem unlinking the file /var/cache/apt/srcpkgcache.bin - RemoveCaches (13: Permission denied)", "rc": 100, "stderr": "W: chmod 0700 of directory /var/lib/apt/lists/partial failed - SetupAPTPartialDirectory (1: Operation not permitted)\nE: Could not open lock file /var/lib/apt/lists/lock - open (13: Permission denied)\nE: Unable to lock directory /var/lib/apt/lists/\nW: Problem unlinking the file /var/cache/apt/pkgcache.bin - RemoveCaches (13: Permission denied)\nW: Problem unlinking the file /var/cache/apt/srcpkgcache.bin - RemoveCaches (13: Permission denied)\n", "stderr_lines": ["W: chmod 0700 of directory /var/lib/apt/lists/partial failed - SetupAPTPartialDirectory (1: Operation not permitted)", "E: Could not open lock file /var/lib/apt/lists/lock - open (13: Permission denied)", "E: Unable to lock directory /var/lib/apt/lists/", "W: Problem unlinking the file /var/cache/apt/pkgcache.bin - RemoveCaches (13: Permission denied)", "W: Problem unlinking the file /var/cache/apt/srcpkgcache.bin - RemoveCaches (13: Permission denied)"], "stdout": "Reading package lists...\n", "stdout_lines": ["Reading package lists..."]}
2017-12-18 16:27:36,482 p=9168 u=administrator |  	to retry, use: --limit @/home/administrator/OPX_ansible_demo/spine-leaf.retry

2017-12-18 16:27:36,482 p=9168 u=administrator |  PLAY RECAP *************************************************************************************************************************************
2017-12-18 16:27:36,483 p=9168 u=administrator |  leaf2                      : ok=0    changed=0    unreachable=0    failed=1   
2017-12-18 16:29:20,700 p=9201 u=administrator |  PLAY [datacenter] ******************************************************************************************************************************
2017-12-18 16:29:20,722 p=9201 u=administrator |  TASK [frr : install FRR] ***********************************************************************************************************************
2017-12-18 16:29:29,994 p=9201 u=administrator |  changed: [leaf2]
2017-12-18 16:29:29,998 p=9201 u=administrator |  PLAY RECAP *************************************************************************************************************************************
2017-12-18 16:29:29,998 p=9201 u=administrator |  leaf2                      : ok=1    changed=1    unreachable=0    failed=0   
2017-12-18 16:39:28,543 p=9232 u=administrator |   [WARNING]: While constructing a mapping from /home/administrator/OPX_ansible_demo/roles/frr/tasks/main.yml, line 2, column 3, found a
duplicate dict key (apt). Using last defined value only.

2017-12-18 16:39:28,743 p=9232 u=administrator |  PLAY [datacenter] ******************************************************************************************************************************
2017-12-18 16:39:28,765 p=9232 u=administrator |  TASK [frr : install FRR] ***********************************************************************************************************************
2017-12-18 16:39:38,883 p=9232 u=administrator |  changed: [leaf2]
2017-12-18 16:39:38,887 p=9232 u=administrator |  PLAY RECAP *************************************************************************************************************************************
2017-12-18 16:39:38,887 p=9232 u=administrator |  leaf2                      : ok=1    changed=1    unreachable=0    failed=0   
2017-12-18 16:40:08,607 p=9257 u=administrator |  ERROR! Syntax Error while loading YAML.


The error appears to have been in '/home/administrator/OPX_ansible_demo/roles/frr/tasks/main.yml': line 9, column 2, but may
be elsewhere in the file depending on the exact syntax problem.

The offending line appears to be:


 - name: Check if FRR Package is installed
 ^ here

exception type: <class 'yaml.parser.ParserError'>
exception: while parsing a block collection
  in "<unicode string>", line 2, column 1
did not find expected '-' indicator
  in "<unicode string>", line 9, column 2
2017-12-18 16:40:32,917 p=9261 u=administrator |   [WARNING]: While constructing a mapping from /home/administrator/OPX_ansible_demo/roles/frr/tasks/main.yml, line 2, column 3, found a
duplicate dict key (apt). Using last defined value only.

2017-12-18 16:40:33,118 p=9261 u=administrator |  PLAY [datacenter] ******************************************************************************************************************************
2017-12-18 16:40:33,141 p=9261 u=administrator |  TASK [frr : install FRR] ***********************************************************************************************************************
2017-12-18 16:40:40,133 p=9261 u=administrator |  ok: [leaf2]
2017-12-18 16:40:40,142 p=9261 u=administrator |  TASK [frr : Check if FRR Package is installed] *************************************************************************************************
2017-12-18 16:40:40,812 p=9261 u=administrator |  ok: [leaf2]
2017-12-18 16:40:40,821 p=9261 u=administrator |  TASK [frr : Install then FRR package] **********************************************************************************************************
2017-12-18 16:40:40,852 p=9261 u=administrator |  skipping: [leaf2]
2017-12-18 16:40:40,868 p=9261 u=administrator |  TASK [frr : ensure FRR is running] *************************************************************************************************************
2017-12-18 16:40:42,457 p=9261 u=administrator |  fatal: [leaf2]: FAILED! => {"changed": false, "failed": true, "msg": "Could not find the requested service frr: host"}
2017-12-18 16:40:42,460 p=9261 u=administrator |  	to retry, use: --limit @/home/administrator/OPX_ansible_demo/spine-leaf.retry

2017-12-18 16:40:42,460 p=9261 u=administrator |  PLAY RECAP *************************************************************************************************************************************
2017-12-18 16:40:42,460 p=9261 u=administrator |  leaf2                      : ok=2    changed=0    unreachable=0    failed=1   
2017-12-18 16:44:59,097 p=9326 u=administrator |   [WARNING]: While constructing a mapping from /home/administrator/OPX_ansible_demo/roles/frr/tasks/main.yml, line 2, column 3, found a
duplicate dict key (apt). Using last defined value only.

2017-12-18 16:44:59,300 p=9326 u=administrator |  PLAY [datacenter] ******************************************************************************************************************************
2017-12-18 16:44:59,323 p=9326 u=administrator |  TASK [frr : install FRR] ***********************************************************************************************************************
2017-12-18 16:45:07,494 p=9326 u=administrator |  ok: [leaf2]
2017-12-18 16:45:07,502 p=9326 u=administrator |  TASK [frr : Check if FRR Package is installed] *************************************************************************************************
2017-12-18 16:45:08,163 p=9326 u=administrator |  ok: [leaf2]
2017-12-18 16:45:08,172 p=9326 u=administrator |  TASK [frr : Install then FRR package] **********************************************************************************************************
2017-12-18 16:45:14,782 p=9326 u=administrator |  changed: [leaf2]
2017-12-18 16:45:14,792 p=9326 u=administrator |  TASK [frr : ensure FRR is running] *************************************************************************************************************
2017-12-18 16:45:16,557 p=9326 u=administrator |  changed: [leaf2]
2017-12-18 16:45:16,561 p=9326 u=administrator |  PLAY RECAP *************************************************************************************************************************************
2017-12-18 16:45:16,561 p=9326 u=administrator |  leaf2                      : ok=4    changed=2    unreachable=0    failed=0   
2017-12-18 16:47:13,964 p=9404 u=administrator |   [WARNING]: While constructing a mapping from /home/administrator/OPX_ansible_demo/roles/frr/tasks/main.yml, line 2, column 3, found a
duplicate dict key (apt). Using last defined value only.

2017-12-18 16:47:14,164 p=9404 u=administrator |  PLAY [datacenter] ******************************************************************************************************************************
2017-12-18 16:47:14,188 p=9404 u=administrator |  TASK [frr : install FRR] ***********************************************************************************************************************
2017-12-18 16:47:22,672 p=9404 u=administrator |  ok: [leaf2]
2017-12-18 16:47:22,680 p=9404 u=administrator |  TASK [frr : Check if FRR Package is installed] *************************************************************************************************
2017-12-18 16:47:23,301 p=9404 u=administrator |  ok: [leaf2]
2017-12-18 16:47:23,310 p=9404 u=administrator |  TASK [frr : Install then FRR package] **********************************************************************************************************
2017-12-18 16:47:23,341 p=9404 u=administrator |  skipping: [leaf2]
2017-12-18 16:47:23,350 p=9404 u=administrator |  TASK [frr : ensure FRR is running] *************************************************************************************************************
2017-12-18 16:47:25,025 p=9404 u=administrator |  changed: [leaf2]
2017-12-18 16:47:25,029 p=9404 u=administrator |  PLAY RECAP *************************************************************************************************************************************
2017-12-18 16:47:25,029 p=9404 u=administrator |  leaf2                      : ok=3    changed=1    unreachable=0    failed=0   
